<?xml version="1.0" encoding="UTF-8"?>
<!-- Generated by org.testng.reporters.JUnitReportReporter -->
<testsuite hostname="DESKTOP-O2JFE8M" failures="0" tests="1" name="testingbaba.TestingBaba" time="16.359" errors="0" timestamp="2025-05-11T14:19:43 IST" skipped="0">
  <testcase classname="testingbaba.TestingBaba" name="launchUrl" time="16.359"/>
</testsuite> <!-- testingbaba.TestingBaba -->
